<?xml version="1.0" encoding="UTF-8"?>
<Site BuildName="Linux-g++-9"
	BuildStamp="20201201-2247-Experimental"
	Name="omer-VirtualBox"
	Generator="ctest-3.16.3"
	CompilerName="/bin/g++-9"
	CompilerVersion="9.3.0"
	OSName="Linux"
	Hostname="omer-VirtualBox"
	OSRelease="5.4.0-53-generic"
	OSVersion="#59-Ubuntu SMP Wed Oct 21 09:38:44 UTC 2020"
	OSPlatform="x86_64"
	Is64Bits="1"
	VendorString="GenuineIntel"
	VendorID="Intel Corporation"
	FamilyID="6"
	ModelID="142"
	ProcessorCacheSize="4096"
	NumberOfLogicalCPU="1"
	NumberOfPhysicalCPU="1"
	TotalVirtualMemory="2047"
	TotalPhysicalMemory="3936"
	LogicalProcessorsPerPhysical="1"
	ProcessorClockFrequency="2904"
	>
	<Testing>
		<StartDateTime>Dec 02 00:47 IST</StartDateTime>
		<StartTestTime>1606862872</StartTestTime>
		<TestList/>
		<EndDateTime>Dec 02 00:47 IST</EndDateTime>
		<EndTestTime>1606862872</EndTestTime>
		<ElapsedMinutes>0</ElapsedMinutes>
	</Testing>
</Site>
